This is pdfTeX, Version 3.1415926-2.5-1.40.14 (TeX Live 2013) (format=pdflatex 2013.5.30)  31 MAR 2014 23:04
entering extended mode
 restricted \write18 enabled.
 file:line:error style messages enabled.
 %&-line parsing enabled.
**DSCC_crane_mapping_2014.tex
(./DSCC_crane_mapping_2014.tex
LaTeX2e <2011/06/27>
Babel <3.9f> and hyphenation patterns for 78 languages loaded.
(./asme2e.cls
Document Class: asme2e 2001/2/14 v2.0 Standard LaTeX document class
(/usr/local/texlive/2013/texmf-dist/tex/latex/base/ifthen.sty
Package: ifthen 2001/05/26 v1.1c Standard LaTeX ifthen package (DPC)
)
(/usr/local/texlive/2013/texmf-dist/tex/latex/psnfss/times.sty
Package: times 2005/04/12 PSNFSS-v9.2a (SPQR) 
)
(/usr/local/texlive/2013/texmf-dist/tex/latex/psnfss/mathptmx.sty
Package: mathptmx 2005/04/12 PSNFSS-v9.2a Times w/ Math, improved (SPQR, WaS) 
LaTeX Font Info:    Redeclaring symbol font `operators' on input line 28.
LaTeX Font Info:    Overwriting symbol font `operators' in version `normal'
(Font)                  OT1/cmr/m/n --> OT1/ztmcm/m/n on input line 28.
LaTeX Font Info:    Overwriting symbol font `operators' in version `bold'
(Font)                  OT1/cmr/bx/n --> OT1/ztmcm/m/n on input line 28.
LaTeX Font Info:    Redeclaring symbol font `letters' on input line 29.
LaTeX Font Info:    Overwriting symbol font `letters' in version `normal'
(Font)                  OML/cmm/m/it --> OML/ztmcm/m/it on input line 29.
LaTeX Font Info:    Overwriting symbol font `letters' in version `bold'
(Font)                  OML/cmm/b/it --> OML/ztmcm/m/it on input line 29.
LaTeX Font Info:    Redeclaring symbol font `symbols' on input line 30.
LaTeX Font Info:    Overwriting symbol font `symbols' in version `normal'
(Font)                  OMS/cmsy/m/n --> OMS/ztmcm/m/n on input line 30.
LaTeX Font Info:    Overwriting symbol font `symbols' in version `bold'
(Font)                  OMS/cmsy/b/n --> OMS/ztmcm/m/n on input line 30.
LaTeX Font Info:    Redeclaring symbol font `largesymbols' on input line 31.
LaTeX Font Info:    Overwriting symbol font `largesymbols' in version `normal'
(Font)                  OMX/cmex/m/n --> OMX/ztmcm/m/n on input line 31.
LaTeX Font Info:    Overwriting symbol font `largesymbols' in version `bold'
(Font)                  OMX/cmex/m/n --> OMX/ztmcm/m/n on input line 31.
\symbold=\mathgroup4
\symitalic=\mathgroup5
LaTeX Font Info:    Redeclaring math alphabet \mathbf on input line 34.
LaTeX Font Info:    Overwriting math alphabet `\mathbf' in version `normal'
(Font)                  OT1/cmr/bx/n --> OT1/ptm/bx/n on input line 34.
LaTeX Font Info:    Overwriting math alphabet `\mathbf' in version `bold'
(Font)                  OT1/cmr/bx/n --> OT1/ptm/bx/n on input line 34.
LaTeX Font Info:    Redeclaring math alphabet \mathit on input line 35.
LaTeX Font Info:    Overwriting math alphabet `\mathit' in version `normal'
(Font)                  OT1/cmr/m/it --> OT1/ptm/m/it on input line 35.
LaTeX Font Info:    Overwriting math alphabet `\mathit' in version `bold'
(Font)                  OT1/cmr/bx/it --> OT1/ptm/m/it on input line 35.
LaTeX Info: Redefining \hbar on input line 50.
)
(/usr/local/texlive/2013/texmf-dist/tex/generic/oberdiek/ifpdf.sty
Package: ifpdf 2011/01/30 v2.3 Provides the ifpdf switch (HO)
Package ifpdf Info: pdfTeX in PDF mode is detected.
)
Ten Point
LaTeX Font Info:    Try loading font information for OT1+phv on input line 308.

(/usr/local/texlive/2013/texmf-dist/tex/latex/psnfss/ot1phv.fd
File: ot1phv.fd 2001/06/04 scalable font definitions for OT1/phv.
)
\c@part=\count79
\c@section=\count80
\c@subsection=\count81
\c@subsubsection=\count82
\c@paragraph=\count83
\c@subparagraph=\count84
\tempbox=\box26
\c@figure=\count85
\c@table=\count86
\@authcnt=\count87
\@tmpcnt=\count88
\bibindent=\dimen102
\tempbox=\box27
\tminute=\count89
\thour=\count90
)
(/usr/local/texlive/2013/texmf-dist/tex/latex/graphics/graphicx.sty
Package: graphicx 1999/02/16 v1.0f Enhanced LaTeX Graphics (DPC,SPQR)

(/usr/local/texlive/2013/texmf-dist/tex/latex/graphics/keyval.sty
Package: keyval 1999/03/16 v1.13 key=value parser (DPC)
\KV@toks@=\toks14
)
(/usr/local/texlive/2013/texmf-dist/tex/latex/graphics/graphics.sty
Package: graphics 2009/02/05 v1.0o Standard LaTeX Graphics (DPC,SPQR)

(/usr/local/texlive/2013/texmf-dist/tex/latex/graphics/trig.sty
Package: trig 1999/03/16 v1.09 sin cos tan (DPC)
)
(/usr/local/texlive/2013/texmf-dist/tex/latex/latexconfig/graphics.cfg
File: graphics.cfg 2010/04/23 v1.9 graphics configuration of TeX Live
)
Package graphics Info: Driver file: pdftex.def on input line 91.

(/usr/local/texlive/2013/texmf-dist/tex/latex/pdftex-def/pdftex.def
File: pdftex.def 2011/05/27 v0.06d Graphics/color for pdfTeX

(/usr/local/texlive/2013/texmf-dist/tex/generic/oberdiek/infwarerr.sty
Package: infwarerr 2010/04/08 v1.3 Providing info/warning/error messages (HO)
)
(/usr/local/texlive/2013/texmf-dist/tex/generic/oberdiek/ltxcmds.sty
Package: ltxcmds 2011/11/09 v1.22 LaTeX kernel commands for general use (HO)
)
\Gread@gobject=\count91
))
\Gin@req@height=\dimen103
\Gin@req@width=\dimen104
)
(/usr/local/texlive/2013/texmf-dist/tex/latex/caption/caption.sty
Package: caption 2013/05/02 v3.3-89 Customizing captions (AR)

(/usr/local/texlive/2013/texmf-dist/tex/latex/caption/caption3.sty
Package: caption3 2013/05/02 v1.6-88 caption3 kernel (AR)
Package caption3 Info: TeX engine: e-TeX on input line 57.
\captionmargin=\dimen105
\captionmargin@=\dimen106
\captionwidth=\dimen107
\caption@tempdima=\dimen108
\caption@indent=\dimen109
\caption@parindent=\dimen110
\caption@hangindent=\dimen111
\abovecaptionskip=\skip41
\belowcaptionskip=\skip42
Package caption Info: Unknown document class (or package),
(caption)             standard defaults will be used.
)

Package caption Warning: Unsupported document class (or package) detected,
(caption)                usage of the caption package is not recommended.
See the caption package documentation for explanation.

Package caption Info: \@makecaption = \long macro:#1#2-> \par \addvspace {6pt}{
\tensf \setbox \@tempboxa \hbox {\egtsf #1.\quad #2}\ifdim \wd \@tempboxa >\hsi
ze {\egtsf #1.\quad \ignorespaces #2}\par \else \hbox to\hsize {\hfil \box \@te
mpboxa \hfil }\fi }.
\c@ContinuedFloat=\count92
) (/usr/local/texlive/2013/texmf-dist/tex/latex/caption/subcaption.sty
Package: subcaption 2013/02/03 v1.1-62 Sub-captions (AR)
\c@subfigure=\count93
\c@subtable=\count94
)
(./DSCC_crane_mapping_2014.aux

LaTeX Warning: Label `default' multiply defined.


LaTeX Warning: Label `default' multiply defined.


LaTeX Warning: Label `default' multiply defined.


LaTeX Warning: Label `default' multiply defined.


LaTeX Warning: Label `default' multiply defined.


LaTeX Warning: Label `default' multiply defined.


LaTeX Warning: Label `default' multiply defined.


LaTeX Warning: Label `default' multiply defined.


LaTeX Warning: Label `default' multiply defined.


LaTeX Warning: Label `default' multiply defined.


LaTeX Warning: Label `default' multiply defined.

)
\openout1 = `DSCC_crane_mapping_2014.aux'.

LaTeX Font Info:    Checking defaults for OML/cmm/m/it on input line 80.
LaTeX Font Info:    ... okay on input line 80.
LaTeX Font Info:    Checking defaults for T1/cmr/m/n on input line 80.
LaTeX Font Info:    ... okay on input line 80.
LaTeX Font Info:    Checking defaults for OT1/cmr/m/n on input line 80.
LaTeX Font Info:    ... okay on input line 80.
LaTeX Font Info:    Checking defaults for OMS/cmsy/m/n on input line 80.
LaTeX Font Info:    ... okay on input line 80.
LaTeX Font Info:    Checking defaults for OMX/cmex/m/n on input line 80.
LaTeX Font Info:    ... okay on input line 80.
LaTeX Font Info:    Checking defaults for U/cmr/m/n on input line 80.
LaTeX Font Info:    ... okay on input line 80.
LaTeX Font Info:    Try loading font information for OT1+ptm on input line 80.
 (/usr/local/texlive/2013/texmf-dist/tex/latex/psnfss/ot1ptm.fd
File: ot1ptm.fd 2001/06/04 font definitions for OT1/ptm.
)
\big@size=\dimen112

(/usr/local/texlive/2013/texmf-dist/tex/context/base/supp-pdf.mkii
[Loading MPS to PDF converter (version 2006.09.02).]
\scratchcounter=\count95
\scratchdimen=\dimen113
\scratchbox=\box28
\nofMPsegments=\count96
\nofMParguments=\count97
\everyMPshowfont=\toks15
\MPscratchCnt=\count98
\MPscratchDim=\dimen114
\MPnumerator=\count99
\makeMPintoPDFobject=\count100
\everyMPtoPDFconversion=\toks16
) (/usr/local/texlive/2013/texmf-dist/tex/generic/oberdiek/pdftexcmds.sty
Package: pdftexcmds 2011/11/29 v0.20 Utility functions of pdfTeX for LuaTeX (HO
)

(/usr/local/texlive/2013/texmf-dist/tex/generic/oberdiek/ifluatex.sty
Package: ifluatex 2010/03/01 v1.3 Provides the ifluatex switch (HO)
Package ifluatex Info: LuaTeX not detected.
)
Package pdftexcmds Info: LuaTeX not detected.
Package pdftexcmds Info: \pdf@primitive is available.
Package pdftexcmds Info: \pdf@ifprimitive is available.
Package pdftexcmds Info: \pdfdraftmode found.
)
(/usr/local/texlive/2013/texmf-dist/tex/latex/oberdiek/epstopdf-base.sty
Package: epstopdf-base 2010/02/09 v2.5 Base part for package epstopdf

(/usr/local/texlive/2013/texmf-dist/tex/latex/oberdiek/grfext.sty
Package: grfext 2010/08/19 v1.1 Manage graphics extensions (HO)

(/usr/local/texlive/2013/texmf-dist/tex/generic/oberdiek/kvdefinekeys.sty
Package: kvdefinekeys 2011/04/07 v1.3 Define keys (HO)
))
(/usr/local/texlive/2013/texmf-dist/tex/latex/oberdiek/kvoptions.sty
Package: kvoptions 2011/06/30 v3.11 Key value format for package options (HO)

(/usr/local/texlive/2013/texmf-dist/tex/generic/oberdiek/kvsetkeys.sty
Package: kvsetkeys 2012/04/25 v1.16 Key value parser (HO)

(/usr/local/texlive/2013/texmf-dist/tex/generic/oberdiek/etexcmds.sty
Package: etexcmds 2011/02/16 v1.5 Avoid name clashes with e-TeX commands (HO)
Package etexcmds Info: Could not find \expanded.
(etexcmds)             That can mean that you are not using pdfTeX 1.50 or
(etexcmds)             that some package has redefined \expanded.
(etexcmds)             In the latter case, load this package earlier.
)))
Package grfext Info: Graphics extension search list:
(grfext)             [.png,.pdf,.jpg,.mps,.jpeg,.jbig2,.jb2,.PNG,.PDF,.JPG,.JPE
G,.JBIG2,.JB2,.eps]
(grfext)             \AppendGraphicsExtensions on input line 452.

(/usr/local/texlive/2013/texmf-dist/tex/latex/latexconfig/epstopdf-sys.cfg
File: epstopdf-sys.cfg 2010/07/13 v1.3 Configuration of (r)epstopdf for TeX Liv
e
))
Package caption Info: Begin \AtBeginDocument code.
Package caption Info: End \AtBeginDocument code.
LaTeX Font Info:    Try loading font information for OT1+ztmcm on input line 82
.

(/usr/local/texlive/2013/texmf-dist/tex/latex/psnfss/ot1ztmcm.fd
File: ot1ztmcm.fd 2000/01/03 Fontinst v1.801 font definitions for OT1/ztmcm.
)
LaTeX Font Info:    Try loading font information for OML+ztmcm on input line 82
.

(/usr/local/texlive/2013/texmf-dist/tex/latex/psnfss/omlztmcm.fd
File: omlztmcm.fd 2000/01/03 Fontinst v1.801 font definitions for OML/ztmcm.
)
LaTeX Font Info:    Try loading font information for OMS+ztmcm on input line 82
.

(/usr/local/texlive/2013/texmf-dist/tex/latex/psnfss/omsztmcm.fd
File: omsztmcm.fd 2000/01/03 Fontinst v1.801 font definitions for OMS/ztmcm.
)
LaTeX Font Info:    Try loading font information for OMX+ztmcm on input line 82
.

(/usr/local/texlive/2013/texmf-dist/tex/latex/psnfss/omxztmcm.fd
File: omxztmcm.fd 2000/01/03 Fontinst v1.801 font definitions for OMX/ztmcm.
)
LaTeX Font Info:    Font shape `OT1/ptm/bx/n' in size <10> not available
(Font)              Font shape `OT1/ptm/b/n' tried instead on input line 82.
LaTeX Font Info:    Font shape `OT1/ptm/bx/n' in size <7.4> not available
(Font)              Font shape `OT1/ptm/b/n' tried instead on input line 82.
LaTeX Font Info:    Font shape `OT1/ptm/bx/n' in size <6> not available
(Font)              Font shape `OT1/ptm/b/n' tried instead on input line 82.

Underfull \hbox (badness 10000) detected at line 82
[]
 []

<crane.jpg, id=1, 2264.46pt x 1501.61pt>
File: crane.jpg Graphic file (type jpg)
 <use crane.jpg>
Package pdftex.def Info: crane.jpg used on input line 102.
(pdftex.def)             Requested size: 252.94499pt x 167.72092pt.
LaTeX Font Info:    Font shape `OT1/ptm/bx/n' in size <9> not available
(Font)              Font shape `OT1/ptm/b/n' tried instead on input line 103.
LaTeX Font Info:    Font shape `OT1/phv/bx/n' in size <9> not available
(Font)              Font shape `OT1/phv/b/n' tried instead on input line 103.
LaTeX Font Info:    Try loading font information for OMS+ptm on input line 113.


(/usr/local/texlive/2013/texmf-dist/tex/latex/psnfss/omsptm.fd
File: omsptm.fd 
)
LaTeX Font Info:    Font shape `OMS/ptm/m/n' in size <10> not available
(Font)              Font shape `OMS/cmsy/m/n' tried instead on input line 113.
 [1{/usr/local/texlive/2013/texmf-var/fonts/map/pdftex/updmap/pdftex.map}


Non-PDF special ignored!

 <./crane.jpg>]
<scale_crane.jpg, id=12, 2244.385pt x 2009.5075pt>
File: scale_crane.jpg Graphic file (type jpg)
 <use scale_crane.jpg>
Package pdftex.def Info: scale_crane.jpg used on input line 128.
(pdftex.def)             Requested size: 252.94499pt x 226.47379pt.

<overlapped.jpg, id=13, 1297.2465pt x 1439.97975pt>
File: overlapped.jpg Graphic file (type jpg)
 <use overlapped.jpg>
Package pdftex.def Info: overlapped.jpg used on input line 136.
(pdftex.def)             Requested size: 252.94499pt x 280.76196pt.

<crane_flowchart.jpeg, id=14, 1336.995pt x 2403.98125pt>
File: crane_flowchart.jpeg Graphic file (type jpg)

<use crane_flowchart.jpeg>
Package pdftex.def Info: crane_flowchart.jpeg used on input line 144.
(pdftex.def)             Requested size: 252.94499pt x 454.78038pt.

Underfull \vbox (badness 1092) has occurred while \output is active []

 [2 <./scale_crane.jpg>] <masked.jpg, id=18, 1625.47275pt x 1083.44775pt>
File: masked.jpg Graphic file (type jpg)
 <use masked.jpg>
Package pdftex.def Info: masked.jpg used on input line 187.
(pdftex.def)             Requested size: 252.94499pt x 168.59395pt.

<individual.jpg, id=19, 996.72375pt x 631.76025pt>
File: individual.jpg Graphic file (type jpg)
 <use individual.jpg>
Package pdftex.def Info: individual.jpg used on input line 200.
(pdftex.def)             Requested size: 252.94499pt x 160.32071pt.

<stitched.jpg, id=20, 1912.14375pt x 1611.01875pt>
File: stitched.jpg Graphic file (type jpg)
 <use stitched.jpg>
Package pdftex.def Info: stitched.jpg used on input line 209.
(pdftex.def)             Requested size: 252.94499pt x 213.10252pt.

<thresholded.jpg, id=21, 523.9575pt x 199.34476pt>
File: thresholded.jpg Graphic file (type jpg)
 <use thresholded.jpg>
Package pdftex.def Info: thresholded.jpg used on input line 223.
(pdftex.def)             Requested size: 252.94499pt x 96.23494pt.

<dilated.jpg, id=22, 526.3665pt x 210.7875pt>
File: dilated.jpg Graphic file (type jpg)
 <use dilated.jpg>
Package pdftex.def Info: dilated.jpg used on input line 231.
(pdftex.def)             Requested size: 252.94499pt x 101.29263pt.

<contour.jpg, id=23, 443.85825pt x 367.3725pt>
File: contour.jpg Graphic file (type jpg)
 <use contour.jpg>
Package pdftex.def Info: contour.jpg used on input line 244.
(pdftex.def)             Requested size: 252.94499pt x 209.35963pt.

Underfull \vbox (badness 10000) has occurred while \output is active []

 [3 <./overlapped.jpg> <./crane_flowchart.jpeg>] [4 <./masked.jpg> <./individua
l.jpg> <./stitched.jpg> <./thresholded.jpg> <./dilated.jpg>]
<processed2.jpg, id=30, 1566.85374pt x 1468.48625pt>
File: processed2.jpg Graphic file (type jpg)
 <use processed2.jpg>
Package pdftex.def Info: processed2.jpg used on input line 277.
(pdftex.def)             Requested size: 81.30043pt x 76.18471pt.
LaTeX Font Info:    Font shape `OT1/ptm/bx/n' in size <7> not available
(Font)              Font shape `OT1/ptm/b/n' tried instead on input line 278.
LaTeX Font Info:    Font shape `OT1/ptm/bx/n' in size <5> not available
(Font)              Font shape `OT1/ptm/b/n' tried instead on input line 278.

<processed4.jpg, id=31, 1566.85374pt x 1468.48625pt>
File: processed4.jpg Graphic file (type jpg)
 <use processed4.jpg>
Package pdftex.def Info: processed4.jpg used on input line 284.
(pdftex.def)             Requested size: 81.30043pt x 76.18471pt.

<processed3.jpg, id=32, 1566.85374pt x 1468.48625pt>
File: processed3.jpg Graphic file (type jpg)
 <use processed3.jpg>
Package pdftex.def Info: processed3.jpg used on input line 291.
(pdftex.def)             Requested size: 81.30043pt x 76.18471pt.
File: overlapped.jpg Graphic file (type jpg)

<use overlapped.jpg>
Package pdftex.def Info: overlapped.jpg used on input line 309.
(pdftex.def)             Requested size: 252.94499pt x 280.76196pt.

Underfull \vbox (badness 4229) has occurred while \output is active []


<SkippedPixels_v_ObstacleArea.pdf, id=33, 433.62pt x 289.08pt>
File: SkippedPixels_v_ObstacleArea.pdf Graphic file (type pdf)

<use SkippedPixels_v_ObstacleArea.pdf>
Package pdftex.def Info: SkippedPixels_v_ObstacleArea.pdf used on input line 32
0.
(pdftex.def)             Requested size: 252.94499pt x 168.63252pt.

<area_vs_forgetting_factor.pdf, id=34, 433.62pt x 289.08pt>
File: area_vs_forgetting_factor.pdf Graphic file (type pdf)

<use area_vs_forgetting_factor.pdf>
Package pdftex.def Info: area_vs_forgetting_factor.pdf used on input line 329.
(pdftex.def)             Requested size: 252.94499pt x 168.63252pt.
 [5 <./contour.jpg> <./processed2.jpg> <./processed4.jpg> <./processed3.jpg>] (
./DSCC_crane_mapping_2014.bbl

LaTeX Warning: Empty `thebibliography' environment on input line 3.

)
Underfull \hbox (badness 1622) in paragraph at lines 481--485
\OT1/ptm/m/n/10 ``Crane-Related Fa-tal-i-ties in the Con-struc-tion In-dus-try,
"
 []


Underfull \hbox (badness 2495) in paragraph at lines 487--489
[]\OT1/ptm/m/n/10 Crane In-spec-tion and Cer-ti-fi-ca-tion Bu-reau, n.d., \OT1/
ptm/m/it/10 from
 []


Underfull \hbox (badness 10000) in paragraph at lines 487--489
\OT1/ptm/m/it/10 http://www.cicb.com/blog/posts/with-crane-related-injuries-
 []

[6 <./SkippedPixels_v_ObstacleArea.pdf> <./area_vs_forgetting_factor.pdf

pdfTeX warning: /usr/texbin/pdflatex (file ./area_vs_forgetting_factor.pdf): PD
F inclusion: multiple pdfs with page group included in a single page
>]
Underfull \hbox (badness 2409) in paragraph at lines 581--585
[]\OT1/ptm/m/n/10 M.W.M.G. Dis-sanayake, P. New-man, S. Clark, H.F.
 []

[7

] (./DSCC_crane_mapping_2014.aux)

LaTeX Warning: There were multiply-defined labels.

 ) 
Here is how much of TeX's memory you used:
 3061 strings out of 493315
 48015 string characters out of 6137904
 109619 words of memory out of 5000000
 6444 multiletter control sequences out of 15000+600000
 44990 words of font info for 90 fonts, out of 8000000 for 9000
 957 hyphenation exceptions out of 8191
 38i,10n,38p,1031b,485s stack positions out of 5000i,500n,10000p,200000b,80000s
{/usr/local/texlive/2013/texmf-dist/fonts/enc/dvips/base/8r.enc}</usr/local/t
exlive/2013/texmf-dist/fonts/type1/public/amsfonts/cm/cmsy10.pfb></usr/local/te
xlive/2013/texmf-dist/fonts/type1/urw/helvetic/uhvb8a.pfb></usr/local/texlive/2
013/texmf-dist/fonts/type1/urw/helvetic/uhvr8a.pfb></usr/local/texlive/2013/tex
mf-dist/fonts/type1/urw/times/utmr8a.pfb></usr/local/texlive/2013/texmf-dist/fo
nts/type1/urw/times/utmri8a.pfb>
Output written on DSCC_crane_mapping_2014.pdf (7 pages, 7126133 bytes).
PDF statistics:
 184 PDF objects out of 1000 (max. 8388607)
 65 compressed objects within 1 object stream
 0 named destinations out of 1000 (max. 500000)
 76 words of extra memory for PDF output out of 10000 (max. 10000000)

